2014/06/21 03:39:44 [error] [exception.CDbException] SQLSTATE[HY000] [2002] No such file or directory
2014/06/21 03:39:44 [error] [exception.CDbException] exception 'CDbException' with message 'CDbConnection failed to open the DB connection.' in /opt/lampp/htdocs/microcredit/framework/db/CDbConnection.php:388
Stack trace:
#0 /opt/lampp/htdocs/microcredit/framework/db/CDbConnection.php(330): CDbConnection->open()
#1 /opt/lampp/htdocs/microcredit/framework/db/CDbConnection.php(308): CDbConnection->setActive(true)
#2 /opt/lampp/htdocs/microcredit/framework/base/CModule.php(387): CDbConnection->init()
#3 /opt/lampp/htdocs/microcredit/framework/base/CApplication.php(450): CModule->getComponent('db')
#4 /opt/lampp/htdocs/microcredit/framework/db/ar/CActiveRecord.php(634): CApplication->getDb()
#5 /opt/lampp/htdocs/microcredit/framework/db/ar/CActiveRecord.php(667): CActiveRecord->getDbConnection()
#6 /opt/lampp/htdocs/microcredit/framework/db/ar/CActiveRecord.php(1595): CActiveRecord->getCommandBuilder()
#7 /opt/lampp/htdocs/microcredit/framework/web/CActiveDataProvider.php(228): CActiveRecord->count(Object(CDbCriteria))
#8 /opt/lampp/htdocs/microcredit/framework/web/CDataProvider.php(224): CActiveDataProvider->calculateTotalItemCount()
#9 /opt/lampp/htdocs/microcredit/framework/web/CActiveDataProvider.php(178): CDataProvider->getTotalItemCount()
#10 /opt/lampp/htdocs/microcredit/framework/web/CDataProvider.php(168): CActiveDataProvider->fetchData()
#11 /opt/lampp/htdocs/microcredit/framework/zii/widgets/CBaseListView.php(111): CDataProvider->getData()
#12 /opt/lampp/htdocs/microcredit/framework/zii/widgets/CListView.php(211): CBaseListView->init()
#13 /opt/lampp/htdocs/microcredit/framework/web/CBaseController.php(147): CListView->init()
#14 /opt/lampp/htdocs/microcredit/framework/web/CBaseController.php(172): CBaseController->createWidget('zii.widgets.CLi...', Array)
#15 /opt/lampp/htdocs/microcredit/demos/blog/protected/views/post/index.php(9): CBaseController->widget('zii.widgets.CLi...', Array)
#16 /opt/lampp/htdocs/microcredit/framework/web/CBaseController.php(126): require('/opt/lampp/htdo...')
#17 /opt/lampp/htdocs/microcredit/framework/web/CBaseController.php(95): CBaseController->renderInternal('/opt/lampp/htdo...', Array, true)
#18 /opt/lampp/htdocs/microcredit/framework/web/CController.php(869): CBaseController->renderFile('/opt/lampp/htdo...', Array, true)
#19 /opt/lampp/htdocs/microcredit/framework/web/CController.php(782): CController->renderPartial('index', Array, true)
#20 /opt/lampp/htdocs/microcredit/demos/blog/protected/controllers/PostController.php(136): CController->render('index', Array)
#21 /opt/lampp/htdocs/microcredit/framework/web/actions/CInlineAction.php(49): PostController->actionIndex()
#22 /opt/lampp/htdocs/microcredit/framework/web/CController.php(308): CInlineAction->runWithParams(Array)
#23 /opt/lampp/htdocs/microcredit/framework/web/filters/CFilterChain.php(133): CController->runAction(Object(CInlineAction))
#24 /opt/lampp/htdocs/microcredit/framework/web/filters/CFilter.php(40): CFilterChain->run()
#25 /opt/lampp/htdocs/microcredit/framework/web/CController.php(1145): CFilter->filter(Object(CFilterChain))
#26 /opt/lampp/htdocs/microcredit/framework/web/filters/CInlineFilter.php(58): CController->filterAccessControl(Object(CFilterChain))
#27 /opt/lampp/htdocs/microcredit/framework/web/filters/CFilterChain.php(130): CInlineFilter->filter(Object(CFilterChain))
#28 /opt/lampp/htdocs/microcredit/framework/web/CController.php(291): CFilterChain->run()
#29 /opt/lampp/htdocs/microcredit/framework/web/CController.php(265): CController->runActionWithFilters(Object(CInlineAction), Array)
#30 /opt/lampp/htdocs/microcredit/framework/web/CWebApplication.php(282): CController->run('')
#31 /opt/lampp/htdocs/microcredit/framework/web/CWebApplication.php(141): CWebApplication->runController('')
#32 /opt/lampp/htdocs/microcredit/framework/base/CApplication.php(180): CWebApplication->processRequest()
#33 /opt/lampp/htdocs/microcredit/demos/blog/index.php(11): CApplication->run()
#34 {main}
REQUEST_URI=/microcredit/demos/blog/
HTTP_REFERER=http://127.0.0.1/microcredit/demos/
---
2014/06/21 03:39:48 [error] [exception.CDbException] SQLSTATE[HY000] [2002] No such file or directory
2014/06/21 03:39:48 [error] [exception.CDbException] exception 'CDbException' with message 'CDbConnection failed to open the DB connection.' in /opt/lampp/htdocs/microcredit/framework/db/CDbConnection.php:388
Stack trace:
#0 /opt/lampp/htdocs/microcredit/framework/db/CDbConnection.php(330): CDbConnection->open()
#1 /opt/lampp/htdocs/microcredit/framework/db/CDbConnection.php(308): CDbConnection->setActive(true)
#2 /opt/lampp/htdocs/microcredit/framework/base/CModule.php(387): CDbConnection->init()
#3 /opt/lampp/htdocs/microcredit/framework/base/CApplication.php(450): CModule->getComponent('db')
#4 /opt/lampp/htdocs/microcredit/framework/db/ar/CActiveRecord.php(634): CApplication->getDb()
#5 /opt/lampp/htdocs/microcredit/framework/db/ar/CActiveRecord.php(667): CActiveRecord->getDbConnection()
#6 /opt/lampp/htdocs/microcredit/framework/db/ar/CActiveRecord.php(1595): CActiveRecord->getCommandBuilder()
#7 /opt/lampp/htdocs/microcredit/framework/web/CActiveDataProvider.php(228): CActiveRecord->count(Object(CDbCriteria))
#8 /opt/lampp/htdocs/microcredit/framework/web/CDataProvider.php(224): CActiveDataProvider->calculateTotalItemCount()
#9 /opt/lampp/htdocs/microcredit/framework/web/CActiveDataProvider.php(178): CDataProvider->getTotalItemCount()
#10 /opt/lampp/htdocs/microcredit/framework/web/CDataProvider.php(168): CActiveDataProvider->fetchData()
#11 /opt/lampp/htdocs/microcredit/framework/zii/widgets/CBaseListView.php(111): CDataProvider->getData()
#12 /opt/lampp/htdocs/microcredit/framework/zii/widgets/CListView.php(211): CBaseListView->init()
#13 /opt/lampp/htdocs/microcredit/framework/web/CBaseController.php(147): CListView->init()
#14 /opt/lampp/htdocs/microcredit/framework/web/CBaseController.php(172): CBaseController->createWidget('zii.widgets.CLi...', Array)
#15 /opt/lampp/htdocs/microcredit/demos/blog/protected/views/post/index.php(9): CBaseController->widget('zii.widgets.CLi...', Array)
#16 /opt/lampp/htdocs/microcredit/framework/web/CBaseController.php(126): require('/opt/lampp/htdo...')
#17 /opt/lampp/htdocs/microcredit/framework/web/CBaseController.php(95): CBaseController->renderInternal('/opt/lampp/htdo...', Array, true)
#18 /opt/lampp/htdocs/microcredit/framework/web/CController.php(869): CBaseController->renderFile('/opt/lampp/htdo...', Array, true)
#19 /opt/lampp/htdocs/microcredit/framework/web/CController.php(782): CController->renderPartial('index', Array, true)
#20 /opt/lampp/htdocs/microcredit/demos/blog/protected/controllers/PostController.php(136): CController->render('index', Array)
#21 /opt/lampp/htdocs/microcredit/framework/web/actions/CInlineAction.php(49): PostController->actionIndex()
#22 /opt/lampp/htdocs/microcredit/framework/web/CController.php(308): CInlineAction->runWithParams(Array)
#23 /opt/lampp/htdocs/microcredit/framework/web/filters/CFilterChain.php(133): CController->runAction(Object(CInlineAction))
#24 /opt/lampp/htdocs/microcredit/framework/web/filters/CFilter.php(40): CFilterChain->run()
#25 /opt/lampp/htdocs/microcredit/framework/web/CController.php(1145): CFilter->filter(Object(CFilterChain))
#26 /opt/lampp/htdocs/microcredit/framework/web/filters/CInlineFilter.php(58): CController->filterAccessControl(Object(CFilterChain))
#27 /opt/lampp/htdocs/microcredit/framework/web/filters/CFilterChain.php(130): CInlineFilter->filter(Object(CFilterChain))
#28 /opt/lampp/htdocs/microcredit/framework/web/CController.php(291): CFilterChain->run()
#29 /opt/lampp/htdocs/microcredit/framework/web/CController.php(265): CController->runActionWithFilters(Object(CInlineAction), Array)
#30 /opt/lampp/htdocs/microcredit/framework/web/CWebApplication.php(282): CController->run('index')
#31 /opt/lampp/htdocs/microcredit/framework/web/CWebApplication.php(141): CWebApplication->runController('post/index')
#32 /opt/lampp/htdocs/microcredit/framework/base/CApplication.php(180): CWebApplication->processRequest()
#33 /opt/lampp/htdocs/microcredit/demos/blog/index.php(11): CApplication->run()
#34 {main}
REQUEST_URI=/microcredit/demos/blog/index.php/post/index
HTTP_REFERER=http://127.0.0.1/microcredit/demos/blog/
---
2014/06/21 03:39:51 [error] [exception.CException] exception 'CException' with message 'CAssetManager.basePath "/opt/lampp/htdocs/microcredit/demos/blog/assets" is invalid. Please make sure the directory exists and is writable by the Web server process.' in /opt/lampp/htdocs/microcredit/framework/web/CAssetManager.php:138
Stack trace:
#0 /opt/lampp/htdocs/microcredit/framework/web/CAssetManager.php(123): CAssetManager->setBasePath('/opt/lampp/htdo...')
#1 /opt/lampp/htdocs/microcredit/framework/web/CAssetManager.php(217): CAssetManager->getBasePath()
#2 /opt/lampp/htdocs/microcredit/framework/web/CClientScript.php(510): CAssetManager->publish('/opt/lampp/htdo...')
#3 /opt/lampp/htdocs/microcredit/framework/web/CClientScript.php(547): CClientScript->getCoreScriptUrl()
#4 /opt/lampp/htdocs/microcredit/framework/web/CClientScript.php(348): CClientScript->getPackageBaseUrl('jquery')
#5 /opt/lampp/htdocs/microcredit/framework/web/CClientScript.php(208): CClientScript->renderCoreScripts()
#6 /opt/lampp/htdocs/microcredit/framework/web/CController.php(351): CClientScript->render('<!DOCTYPE html ...')
#7 /opt/lampp/htdocs/microcredit/framework/web/CController.php(788): CController->processOutput('<!DOCTYPE html ...')
#8 /opt/lampp/htdocs/microcredit/demos/blog/protected/controllers/SiteController.php(57): CController->render('contact', Array)
#9 /opt/lampp/htdocs/microcredit/framework/web/actions/CInlineAction.php(49): SiteController->actionContact()
#10 /opt/lampp/htdocs/microcredit/framework/web/CController.php(308): CInlineAction->runWithParams(Array)
#11 /opt/lampp/htdocs/microcredit/framework/web/CController.php(286): CController->runAction(Object(CInlineAction))
#12 /opt/lampp/htdocs/microcredit/framework/web/CController.php(265): CController->runActionWithFilters(Object(CInlineAction), Array)
#13 /opt/lampp/htdocs/microcredit/framework/web/CWebApplication.php(282): CController->run('contact')
#14 /opt/lampp/htdocs/microcredit/framework/web/CWebApplication.php(141): CWebApplication->runController('site/contact')
#15 /opt/lampp/htdocs/microcredit/framework/base/CApplication.php(180): CWebApplication->processRequest()
#16 /opt/lampp/htdocs/microcredit/demos/blog/index.php(11): CApplication->run()
#17 {main}
REQUEST_URI=/microcredit/demos/blog/index.php/site/contact
HTTP_REFERER=http://127.0.0.1/microcredit/demos/blog/index.php/site/page?view=about
---
2014/06/21 03:40:20 [error] [exception.CDbException] SQLSTATE[HY000] [2002] No such file or directory
2014/06/21 03:40:20 [error] [exception.CDbException] exception 'CDbException' with message 'CDbConnection failed to open the DB connection.' in /opt/lampp/htdocs/microcredit/framework/db/CDbConnection.php:388
Stack trace:
#0 /opt/lampp/htdocs/microcredit/framework/db/CDbConnection.php(330): CDbConnection->open()
#1 /opt/lampp/htdocs/microcredit/framework/db/CDbConnection.php(308): CDbConnection->setActive(true)
#2 /opt/lampp/htdocs/microcredit/framework/base/CModule.php(387): CDbConnection->init()
#3 /opt/lampp/htdocs/microcredit/framework/base/CApplication.php(450): CModule->getComponent('db')
#4 /opt/lampp/htdocs/microcredit/framework/db/ar/CActiveRecord.php(634): CApplication->getDb()
#5 /opt/lampp/htdocs/microcredit/framework/db/ar/CActiveRecord.php(667): CActiveRecord->getDbConnection()
#6 /opt/lampp/htdocs/microcredit/framework/db/ar/CActiveRecord.php(1455): CActiveRecord->getCommandBuilder()
#7 /opt/lampp/htdocs/microcredit/demos/blog/protected/components/UserIdentity.php(18): CActiveRecord->find('LOWER(username)...', Array)
#8 /opt/lampp/htdocs/microcredit/demos/blog/protected/models/LoginForm.php(50): UserIdentity->authenticate()
#9 /opt/lampp/htdocs/microcredit/framework/validators/CInlineValidator.php(42): LoginForm->authenticate('password', Array)
#10 /opt/lampp/htdocs/microcredit/framework/validators/CValidator.php(213): CInlineValidator->validateAttribute(Object(LoginForm), 'password')
#11 /opt/lampp/htdocs/microcredit/framework/base/CModel.php(159): CValidator->validate(Object(LoginForm), NULL)
#12 /opt/lampp/htdocs/microcredit/framework/web/widgets/CActiveForm.php(920): CModel->validate(NULL)
#13 /opt/lampp/htdocs/microcredit/demos/blog/protected/controllers/SiteController.php(73): CActiveForm::validate(Object(LoginForm))
#14 /opt/lampp/htdocs/microcredit/framework/web/actions/CInlineAction.php(49): SiteController->actionLogin()
#15 /opt/lampp/htdocs/microcredit/framework/web/CController.php(308): CInlineAction->runWithParams(Array)
#16 /opt/lampp/htdocs/microcredit/framework/web/CController.php(286): CController->runAction(Object(CInlineAction))
#17 /opt/lampp/htdocs/microcredit/framework/web/CController.php(265): CController->runActionWithFilters(Object(CInlineAction), Array)
#18 /opt/lampp/htdocs/microcredit/framework/web/CWebApplication.php(282): CController->run('login')
#19 /opt/lampp/htdocs/microcredit/framework/web/CWebApplication.php(141): CWebApplication->runController('site/login')
#20 /opt/lampp/htdocs/microcredit/framework/base/CApplication.php(180): CWebApplication->processRequest()
#21 /opt/lampp/htdocs/microcredit/demos/blog/index.php(11): CApplication->run()
#22 {main}
REQUEST_URI=/microcredit/demos/blog/index.php/site/login
HTTP_REFERER=http://127.0.0.1/microcredit/demos/blog/index.php/site/login
---
2014/06/21 03:40:26 [error] [exception.CDbException] SQLSTATE[HY000] [2002] No such file or directory
2014/06/21 03:40:26 [error] [exception.CDbException] exception 'CDbException' with message 'CDbConnection failed to open the DB connection.' in /opt/lampp/htdocs/microcredit/framework/db/CDbConnection.php:388
Stack trace:
#0 /opt/lampp/htdocs/microcredit/framework/db/CDbConnection.php(330): CDbConnection->open()
#1 /opt/lampp/htdocs/microcredit/framework/db/CDbConnection.php(308): CDbConnection->setActive(true)
#2 /opt/lampp/htdocs/microcredit/framework/base/CModule.php(387): CDbConnection->init()
#3 /opt/lampp/htdocs/microcredit/framework/base/CApplication.php(450): CModule->getComponent('db')
#4 /opt/lampp/htdocs/microcredit/framework/db/ar/CActiveRecord.php(634): CApplication->getDb()
#5 /opt/lampp/htdocs/microcredit/framework/db/ar/CActiveRecord.php(667): CActiveRecord->getDbConnection()
#6 /opt/lampp/htdocs/microcredit/framework/db/ar/CActiveRecord.php(1595): CActiveRecord->getCommandBuilder()
#7 /opt/lampp/htdocs/microcredit/framework/web/CActiveDataProvider.php(228): CActiveRecord->count(Object(CDbCriteria))
#8 /opt/lampp/htdocs/microcredit/framework/web/CDataProvider.php(224): CActiveDataProvider->calculateTotalItemCount()
#9 /opt/lampp/htdocs/microcredit/framework/web/CActiveDataProvider.php(178): CDataProvider->getTotalItemCount()
#10 /opt/lampp/htdocs/microcredit/framework/web/CDataProvider.php(168): CActiveDataProvider->fetchData()
#11 /opt/lampp/htdocs/microcredit/framework/zii/widgets/CBaseListView.php(111): CDataProvider->getData()
#12 /opt/lampp/htdocs/microcredit/framework/zii/widgets/CListView.php(211): CBaseListView->init()
#13 /opt/lampp/htdocs/microcredit/framework/web/CBaseController.php(147): CListView->init()
#14 /opt/lampp/htdocs/microcredit/framework/web/CBaseController.php(172): CBaseController->createWidget('zii.widgets.CLi...', Array)
#15 /opt/lampp/htdocs/microcredit/demos/blog/protected/views/post/index.php(9): CBaseController->widget('zii.widgets.CLi...', Array)
#16 /opt/lampp/htdocs/microcredit/framework/web/CBaseController.php(126): require('/opt/lampp/htdo...')
#17 /opt/lampp/htdocs/microcredit/framework/web/CBaseController.php(95): CBaseController->renderInternal('/opt/lampp/htdo...', Array, true)
#18 /opt/lampp/htdocs/microcredit/framework/web/CController.php(869): CBaseController->renderFile('/opt/lampp/htdo...', Array, true)
#19 /opt/lampp/htdocs/microcredit/framework/web/CController.php(782): CController->renderPartial('index', Array, true)
#20 /opt/lampp/htdocs/microcredit/demos/blog/protected/controllers/PostController.php(136): CController->render('index', Array)
#21 /opt/lampp/htdocs/microcredit/framework/web/actions/CInlineAction.php(49): PostController->actionIndex()
#22 /opt/lampp/htdocs/microcredit/framework/web/CController.php(308): CInlineAction->runWithParams(Array)
#23 /opt/lampp/htdocs/microcredit/framework/web/filters/CFilterChain.php(133): CController->runAction(Object(CInlineAction))
#24 /opt/lampp/htdocs/microcredit/framework/web/filters/CFilter.php(40): CFilterChain->run()
#25 /opt/lampp/htdocs/microcredit/framework/web/CController.php(1145): CFilter->filter(Object(CFilterChain))
#26 /opt/lampp/htdocs/microcredit/framework/web/filters/CInlineFilter.php(58): CController->filterAccessControl(Object(CFilterChain))
#27 /opt/lampp/htdocs/microcredit/framework/web/filters/CFilterChain.php(130): CInlineFilter->filter(Object(CFilterChain))
#28 /opt/lampp/htdocs/microcredit/framework/web/CController.php(291): CFilterChain->run()
#29 /opt/lampp/htdocs/microcredit/framework/web/CController.php(265): CController->runActionWithFilters(Object(CInlineAction), Array)
#30 /opt/lampp/htdocs/microcredit/framework/web/CWebApplication.php(282): CController->run('index')
#31 /opt/lampp/htdocs/microcredit/framework/web/CWebApplication.php(141): CWebApplication->runController('post/index')
#32 /opt/lampp/htdocs/microcredit/framework/base/CApplication.php(180): CWebApplication->processRequest()
#33 /opt/lampp/htdocs/microcredit/demos/blog/index.php(11): CApplication->run()
#34 {main}
REQUEST_URI=/microcredit/demos/blog/index.php/post/index
HTTP_REFERER=http://127.0.0.1/microcredit/demos/blog/index.php/site/page?view=about
---
2014/06/21 03:40:31 [error] [exception.CDbException] SQLSTATE[HY000] [2002] No such file or directory
2014/06/21 03:40:31 [error] [exception.CDbException] exception 'CDbException' with message 'CDbConnection failed to open the DB connection.' in /opt/lampp/htdocs/microcredit/framework/db/CDbConnection.php:388
Stack trace:
#0 /opt/lampp/htdocs/microcredit/framework/db/CDbConnection.php(330): CDbConnection->open()
#1 /opt/lampp/htdocs/microcredit/framework/db/CDbConnection.php(308): CDbConnection->setActive(true)
#2 /opt/lampp/htdocs/microcredit/framework/base/CModule.php(387): CDbConnection->init()
#3 /opt/lampp/htdocs/microcredit/framework/base/CApplication.php(450): CModule->getComponent('db')
#4 /opt/lampp/htdocs/microcredit/framework/db/ar/CActiveRecord.php(634): CApplication->getDb()
#5 /opt/lampp/htdocs/microcredit/framework/db/ar/CActiveRecord.php(667): CActiveRecord->getDbConnection()
#6 /opt/lampp/htdocs/microcredit/framework/db/ar/CActiveRecord.php(1595): CActiveRecord->getCommandBuilder()
#7 /opt/lampp/htdocs/microcredit/framework/web/CActiveDataProvider.php(228): CActiveRecord->count(Object(CDbCriteria))
#8 /opt/lampp/htdocs/microcredit/framework/web/CDataProvider.php(224): CActiveDataProvider->calculateTotalItemCount()
#9 /opt/lampp/htdocs/microcredit/framework/web/CActiveDataProvider.php(178): CDataProvider->getTotalItemCount()
#10 /opt/lampp/htdocs/microcredit/framework/web/CDataProvider.php(168): CActiveDataProvider->fetchData()
#11 /opt/lampp/htdocs/microcredit/framework/zii/widgets/CBaseListView.php(111): CDataProvider->getData()
#12 /opt/lampp/htdocs/microcredit/framework/zii/widgets/CListView.php(211): CBaseListView->init()
#13 /opt/lampp/htdocs/microcredit/framework/web/CBaseController.php(147): CListView->init()
#14 /opt/lampp/htdocs/microcredit/framework/web/CBaseController.php(172): CBaseController->createWidget('zii.widgets.CLi...', Array)
#15 /opt/lampp/htdocs/microcredit/demos/blog/protected/views/post/index.php(9): CBaseController->widget('zii.widgets.CLi...', Array)
#16 /opt/lampp/htdocs/microcredit/framework/web/CBaseController.php(126): require('/opt/lampp/htdo...')
#17 /opt/lampp/htdocs/microcredit/framework/web/CBaseController.php(95): CBaseController->renderInternal('/opt/lampp/htdo...', Array, true)
#18 /opt/lampp/htdocs/microcredit/framework/web/CController.php(869): CBaseController->renderFile('/opt/lampp/htdo...', Array, true)
#19 /opt/lampp/htdocs/microcredit/framework/web/CController.php(782): CController->renderPartial('index', Array, true)
#20 /opt/lampp/htdocs/microcredit/demos/blog/protected/controllers/PostController.php(136): CController->render('index', Array)
#21 /opt/lampp/htdocs/microcredit/framework/web/actions/CInlineAction.php(49): PostController->actionIndex()
#22 /opt/lampp/htdocs/microcredit/framework/web/CController.php(308): CInlineAction->runWithParams(Array)
#23 /opt/lampp/htdocs/microcredit/framework/web/filters/CFilterChain.php(133): CController->runAction(Object(CInlineAction))
#24 /opt/lampp/htdocs/microcredit/framework/web/filters/CFilter.php(40): CFilterChain->run()
#25 /opt/lampp/htdocs/microcredit/framework/web/CController.php(1145): CFilter->filter(Object(CFilterChain))
#26 /opt/lampp/htdocs/microcredit/framework/web/filters/CInlineFilter.php(58): CController->filterAccessControl(Object(CFilterChain))
#27 /opt/lampp/htdocs/microcredit/framework/web/filters/CFilterChain.php(130): CInlineFilter->filter(Object(CFilterChain))
#28 /opt/lampp/htdocs/microcredit/framework/web/CController.php(291): CFilterChain->run()
#29 /opt/lampp/htdocs/microcredit/framework/web/CController.php(265): CController->runActionWithFilters(Object(CInlineAction), Array)
#30 /opt/lampp/htdocs/microcredit/framework/web/CWebApplication.php(282): CController->run('index')
#31 /opt/lampp/htdocs/microcredit/framework/web/CWebApplication.php(141): CWebApplication->runController('post/index')
#32 /opt/lampp/htdocs/microcredit/framework/base/CApplication.php(180): CWebApplication->processRequest()
#33 /opt/lampp/htdocs/microcredit/demos/blog/index.php(11): CApplication->run()
#34 {main}
REQUEST_URI=/microcredit/demos/blog/index.php/post/index
HTTP_REFERER=http://127.0.0.1/microcredit/demos/blog/index.php/post/index
---
2014/06/21 03:41:57 [error] [exception.CDbException] SQLSTATE[HY000] [2002] No such file or directory
2014/06/21 03:41:57 [error] [exception.CDbException] exception 'CDbException' with message 'CDbConnection failed to open the DB connection.' in /opt/lampp/htdocs/fighting/framework/db/CDbConnection.php:388
Stack trace:
#0 /opt/lampp/htdocs/fighting/framework/db/CDbConnection.php(330): CDbConnection->open()
#1 /opt/lampp/htdocs/fighting/framework/db/CDbConnection.php(308): CDbConnection->setActive(true)
#2 /opt/lampp/htdocs/fighting/framework/base/CModule.php(387): CDbConnection->init()
#3 /opt/lampp/htdocs/fighting/framework/base/CApplication.php(450): CModule->getComponent('db')
#4 /opt/lampp/htdocs/fighting/framework/db/ar/CActiveRecord.php(634): CApplication->getDb()
#5 /opt/lampp/htdocs/fighting/framework/db/ar/CActiveRecord.php(667): CActiveRecord->getDbConnection()
#6 /opt/lampp/htdocs/fighting/framework/db/ar/CActiveRecord.php(1595): CActiveRecord->getCommandBuilder()
#7 /opt/lampp/htdocs/fighting/framework/web/CActiveDataProvider.php(228): CActiveRecord->count(Object(CDbCriteria))
#8 /opt/lampp/htdocs/fighting/framework/web/CDataProvider.php(224): CActiveDataProvider->calculateTotalItemCount()
#9 /opt/lampp/htdocs/fighting/framework/web/CActiveDataProvider.php(178): CDataProvider->getTotalItemCount()
#10 /opt/lampp/htdocs/fighting/framework/web/CDataProvider.php(168): CActiveDataProvider->fetchData()
#11 /opt/lampp/htdocs/fighting/framework/zii/widgets/CBaseListView.php(111): CDataProvider->getData()
#12 /opt/lampp/htdocs/fighting/framework/zii/widgets/CListView.php(211): CBaseListView->init()
#13 /opt/lampp/htdocs/fighting/framework/web/CBaseController.php(147): CListView->init()
#14 /opt/lampp/htdocs/fighting/framework/web/CBaseController.php(172): CBaseController->createWidget('zii.widgets.CLi...', Array)
#15 /opt/lampp/htdocs/fighting/demos/blog/protected/views/post/index.php(9): CBaseController->widget('zii.widgets.CLi...', Array)
#16 /opt/lampp/htdocs/fighting/framework/web/CBaseController.php(126): require('/opt/lampp/htdo...')
#17 /opt/lampp/htdocs/fighting/framework/web/CBaseController.php(95): CBaseController->renderInternal('/opt/lampp/htdo...', Array, true)
#18 /opt/lampp/htdocs/fighting/framework/web/CController.php(869): CBaseController->renderFile('/opt/lampp/htdo...', Array, true)
#19 /opt/lampp/htdocs/fighting/framework/web/CController.php(782): CController->renderPartial('index', Array, true)
#20 /opt/lampp/htdocs/fighting/demos/blog/protected/controllers/PostController.php(136): CController->render('index', Array)
#21 /opt/lampp/htdocs/fighting/framework/web/actions/CInlineAction.php(49): PostController->actionIndex()
#22 /opt/lampp/htdocs/fighting/framework/web/CController.php(308): CInlineAction->runWithParams(Array)
#23 /opt/lampp/htdocs/fighting/framework/web/filters/CFilterChain.php(133): CController->runAction(Object(CInlineAction))
#24 /opt/lampp/htdocs/fighting/framework/web/filters/CFilter.php(40): CFilterChain->run()
#25 /opt/lampp/htdocs/fighting/framework/web/CController.php(1145): CFilter->filter(Object(CFilterChain))
#26 /opt/lampp/htdocs/fighting/framework/web/filters/CInlineFilter.php(58): CController->filterAccessControl(Object(CFilterChain))
#27 /opt/lampp/htdocs/fighting/framework/web/filters/CFilterChain.php(130): CInlineFilter->filter(Object(CFilterChain))
#28 /opt/lampp/htdocs/fighting/framework/web/CController.php(291): CFilterChain->run()
#29 /opt/lampp/htdocs/fighting/framework/web/CController.php(265): CController->runActionWithFilters(Object(CInlineAction), Array)
#30 /opt/lampp/htdocs/fighting/framework/web/CWebApplication.php(282): CController->run('index')
#31 /opt/lampp/htdocs/fighting/framework/web/CWebApplication.php(141): CWebApplication->runController('post/index')
#32 /opt/lampp/htdocs/fighting/framework/base/CApplication.php(180): CWebApplication->processRequest()
#33 /opt/lampp/htdocs/fighting/demos/blog/index.php(11): CApplication->run()
#34 {main}
REQUEST_URI=/fighting/demos/blog/index.php/post/index
---
2014/06/21 03:41:59 [error] [exception.CDbException] SQLSTATE[HY000] [2002] No such file or directory
2014/06/21 03:41:59 [error] [exception.CDbException] exception 'CDbException' with message 'CDbConnection failed to open the DB connection.' in /opt/lampp/htdocs/fighting/framework/db/CDbConnection.php:388
Stack trace:
#0 /opt/lampp/htdocs/fighting/framework/db/CDbConnection.php(330): CDbConnection->open()
#1 /opt/lampp/htdocs/fighting/framework/db/CDbConnection.php(308): CDbConnection->setActive(true)
#2 /opt/lampp/htdocs/fighting/framework/base/CModule.php(387): CDbConnection->init()
#3 /opt/lampp/htdocs/fighting/framework/base/CApplication.php(450): CModule->getComponent('db')
#4 /opt/lampp/htdocs/fighting/framework/db/ar/CActiveRecord.php(634): CApplication->getDb()
#5 /opt/lampp/htdocs/fighting/framework/db/ar/CActiveRecord.php(667): CActiveRecord->getDbConnection()
#6 /opt/lampp/htdocs/fighting/framework/db/ar/CActiveRecord.php(1595): CActiveRecord->getCommandBuilder()
#7 /opt/lampp/htdocs/fighting/framework/web/CActiveDataProvider.php(228): CActiveRecord->count(Object(CDbCriteria))
#8 /opt/lampp/htdocs/fighting/framework/web/CDataProvider.php(224): CActiveDataProvider->calculateTotalItemCount()
#9 /opt/lampp/htdocs/fighting/framework/web/CActiveDataProvider.php(178): CDataProvider->getTotalItemCount()
#10 /opt/lampp/htdocs/fighting/framework/web/CDataProvider.php(168): CActiveDataProvider->fetchData()
#11 /opt/lampp/htdocs/fighting/framework/zii/widgets/CBaseListView.php(111): CDataProvider->getData()
#12 /opt/lampp/htdocs/fighting/framework/zii/widgets/CListView.php(211): CBaseListView->init()
#13 /opt/lampp/htdocs/fighting/framework/web/CBaseController.php(147): CListView->init()
#14 /opt/lampp/htdocs/fighting/framework/web/CBaseController.php(172): CBaseController->createWidget('zii.widgets.CLi...', Array)
#15 /opt/lampp/htdocs/fighting/demos/blog/protected/views/post/index.php(9): CBaseController->widget('zii.widgets.CLi...', Array)
#16 /opt/lampp/htdocs/fighting/framework/web/CBaseController.php(126): require('/opt/lampp/htdo...')
#17 /opt/lampp/htdocs/fighting/framework/web/CBaseController.php(95): CBaseController->renderInternal('/opt/lampp/htdo...', Array, true)
#18 /opt/lampp/htdocs/fighting/framework/web/CController.php(869): CBaseController->renderFile('/opt/lampp/htdo...', Array, true)
#19 /opt/lampp/htdocs/fighting/framework/web/CController.php(782): CController->renderPartial('index', Array, true)
#20 /opt/lampp/htdocs/fighting/demos/blog/protected/controllers/PostController.php(136): CController->render('index', Array)
#21 /opt/lampp/htdocs/fighting/framework/web/actions/CInlineAction.php(49): PostController->actionIndex()
#22 /opt/lampp/htdocs/fighting/framework/web/CController.php(308): CInlineAction->runWithParams(Array)
#23 /opt/lampp/htdocs/fighting/framework/web/filters/CFilterChain.php(133): CController->runAction(Object(CInlineAction))
#24 /opt/lampp/htdocs/fighting/framework/web/filters/CFilter.php(40): CFilterChain->run()
#25 /opt/lampp/htdocs/fighting/framework/web/CController.php(1145): CFilter->filter(Object(CFilterChain))
#26 /opt/lampp/htdocs/fighting/framework/web/filters/CInlineFilter.php(58): CController->filterAccessControl(Object(CFilterChain))
#27 /opt/lampp/htdocs/fighting/framework/web/filters/CFilterChain.php(130): CInlineFilter->filter(Object(CFilterChain))
#28 /opt/lampp/htdocs/fighting/framework/web/CController.php(291): CFilterChain->run()
#29 /opt/lampp/htdocs/fighting/framework/web/CController.php(265): CController->runActionWithFilters(Object(CInlineAction), Array)
#30 /opt/lampp/htdocs/fighting/framework/web/CWebApplication.php(282): CController->run('index')
#31 /opt/lampp/htdocs/fighting/framework/web/CWebApplication.php(141): CWebApplication->runController('post/index')
#32 /opt/lampp/htdocs/fighting/framework/base/CApplication.php(180): CWebApplication->processRequest()
#33 /opt/lampp/htdocs/fighting/demos/blog/index.php(11): CApplication->run()
#34 {main}
REQUEST_URI=/fighting/demos/blog/index.php/post/index
HTTP_REFERER=http://127.0.0.1/fighting/demos/blog/index.php/post/index
---
2014/06/21 03:42:03 [error] [exception.CDbException] SQLSTATE[HY000] [2002] No such file or directory
2014/06/21 03:42:03 [error] [exception.CDbException] exception 'CDbException' with message 'CDbConnection failed to open the DB connection.' in /opt/lampp/htdocs/fighting/framework/db/CDbConnection.php:388
Stack trace:
#0 /opt/lampp/htdocs/fighting/framework/db/CDbConnection.php(330): CDbConnection->open()
#1 /opt/lampp/htdocs/fighting/framework/db/CDbConnection.php(308): CDbConnection->setActive(true)
#2 /opt/lampp/htdocs/fighting/framework/base/CModule.php(387): CDbConnection->init()
#3 /opt/lampp/htdocs/fighting/framework/base/CApplication.php(450): CModule->getComponent('db')
#4 /opt/lampp/htdocs/fighting/framework/db/ar/CActiveRecord.php(634): CApplication->getDb()
#5 /opt/lampp/htdocs/fighting/framework/db/ar/CActiveRecord.php(667): CActiveRecord->getDbConnection()
#6 /opt/lampp/htdocs/fighting/framework/db/ar/CActiveRecord.php(1455): CActiveRecord->getCommandBuilder()
#7 /opt/lampp/htdocs/fighting/demos/blog/protected/components/UserIdentity.php(18): CActiveRecord->find('LOWER(username)...', Array)
#8 /opt/lampp/htdocs/fighting/demos/blog/protected/models/LoginForm.php(50): UserIdentity->authenticate()
#9 /opt/lampp/htdocs/fighting/framework/validators/CInlineValidator.php(42): LoginForm->authenticate('password', Array)
#10 /opt/lampp/htdocs/fighting/framework/validators/CValidator.php(213): CInlineValidator->validateAttribute(Object(LoginForm), 'password')
#11 /opt/lampp/htdocs/fighting/framework/base/CModel.php(159): CValidator->validate(Object(LoginForm), NULL)
#12 /opt/lampp/htdocs/fighting/framework/web/widgets/CActiveForm.php(920): CModel->validate(NULL)
#13 /opt/lampp/htdocs/fighting/demos/blog/protected/controllers/SiteController.php(73): CActiveForm::validate(Object(LoginForm))
#14 /opt/lampp/htdocs/fighting/framework/web/actions/CInlineAction.php(49): SiteController->actionLogin()
#15 /opt/lampp/htdocs/fighting/framework/web/CController.php(308): CInlineAction->runWithParams(Array)
#16 /opt/lampp/htdocs/fighting/framework/web/CController.php(286): CController->runAction(Object(CInlineAction))
#17 /opt/lampp/htdocs/fighting/framework/web/CController.php(265): CController->runActionWithFilters(Object(CInlineAction), Array)
#18 /opt/lampp/htdocs/fighting/framework/web/CWebApplication.php(282): CController->run('login')
#19 /opt/lampp/htdocs/fighting/framework/web/CWebApplication.php(141): CWebApplication->runController('site/login')
#20 /opt/lampp/htdocs/fighting/framework/base/CApplication.php(180): CWebApplication->processRequest()
#21 /opt/lampp/htdocs/fighting/demos/blog/index.php(11): CApplication->run()
#22 {main}
REQUEST_URI=/fighting/demos/blog/index.php/site/login
HTTP_REFERER=http://127.0.0.1/fighting/demos/blog/index.php/site/login
---
2014/06/21 03:42:05 [error] [exception.CDbException] SQLSTATE[HY000] [2002] No such file or directory
2014/06/21 03:42:05 [error] [exception.CDbException] exception 'CDbException' with message 'CDbConnection failed to open the DB connection.' in /opt/lampp/htdocs/fighting/framework/db/CDbConnection.php:388
Stack trace:
#0 /opt/lampp/htdocs/fighting/framework/db/CDbConnection.php(330): CDbConnection->open()
#1 /opt/lampp/htdocs/fighting/framework/db/CDbConnection.php(308): CDbConnection->setActive(true)
#2 /opt/lampp/htdocs/fighting/framework/base/CModule.php(387): CDbConnection->init()
#3 /opt/lampp/htdocs/fighting/framework/base/CApplication.php(450): CModule->getComponent('db')
#4 /opt/lampp/htdocs/fighting/framework/db/ar/CActiveRecord.php(634): CApplication->getDb()
#5 /opt/lampp/htdocs/fighting/framework/db/ar/CActiveRecord.php(667): CActiveRecord->getDbConnection()
#6 /opt/lampp/htdocs/fighting/framework/db/ar/CActiveRecord.php(1595): CActiveRecord->getCommandBuilder()
#7 /opt/lampp/htdocs/fighting/framework/web/CActiveDataProvider.php(228): CActiveRecord->count(Object(CDbCriteria))
#8 /opt/lampp/htdocs/fighting/framework/web/CDataProvider.php(224): CActiveDataProvider->calculateTotalItemCount()
#9 /opt/lampp/htdocs/fighting/framework/web/CActiveDataProvider.php(178): CDataProvider->getTotalItemCount()
#10 /opt/lampp/htdocs/fighting/framework/web/CDataProvider.php(168): CActiveDataProvider->fetchData()
#11 /opt/lampp/htdocs/fighting/framework/zii/widgets/CBaseListView.php(111): CDataProvider->getData()
#12 /opt/lampp/htdocs/fighting/framework/zii/widgets/CListView.php(211): CBaseListView->init()
#13 /opt/lampp/htdocs/fighting/framework/web/CBaseController.php(147): CListView->init()
#14 /opt/lampp/htdocs/fighting/framework/web/CBaseController.php(172): CBaseController->createWidget('zii.widgets.CLi...', Array)
#15 /opt/lampp/htdocs/fighting/demos/blog/protected/views/post/index.php(9): CBaseController->widget('zii.widgets.CLi...', Array)
#16 /opt/lampp/htdocs/fighting/framework/web/CBaseController.php(126): require('/opt/lampp/htdo...')
#17 /opt/lampp/htdocs/fighting/framework/web/CBaseController.php(95): CBaseController->renderInternal('/opt/lampp/htdo...', Array, true)
#18 /opt/lampp/htdocs/fighting/framework/web/CController.php(869): CBaseController->renderFile('/opt/lampp/htdo...', Array, true)
#19 /opt/lampp/htdocs/fighting/framework/web/CController.php(782): CController->renderPartial('index', Array, true)
#20 /opt/lampp/htdocs/fighting/demos/blog/protected/controllers/PostController.php(136): CController->render('index', Array)
#21 /opt/lampp/htdocs/fighting/framework/web/actions/CInlineAction.php(49): PostController->actionIndex()
#22 /opt/lampp/htdocs/fighting/framework/web/CController.php(308): CInlineAction->runWithParams(Array)
#23 /opt/lampp/htdocs/fighting/framework/web/filters/CFilterChain.php(133): CController->runAction(Object(CInlineAction))
#24 /opt/lampp/htdocs/fighting/framework/web/filters/CFilter.php(40): CFilterChain->run()
#25 /opt/lampp/htdocs/fighting/framework/web/CController.php(1145): CFilter->filter(Object(CFilterChain))
#26 /opt/lampp/htdocs/fighting/framework/web/filters/CInlineFilter.php(58): CController->filterAccessControl(Object(CFilterChain))
#27 /opt/lampp/htdocs/fighting/framework/web/filters/CFilterChain.php(130): CInlineFilter->filter(Object(CFilterChain))
#28 /opt/lampp/htdocs/fighting/framework/web/CController.php(291): CFilterChain->run()
#29 /opt/lampp/htdocs/fighting/framework/web/CController.php(265): CController->runActionWithFilters(Object(CInlineAction), Array)
#30 /opt/lampp/htdocs/fighting/framework/web/CWebApplication.php(282): CController->run('index')
#31 /opt/lampp/htdocs/fighting/framework/web/CWebApplication.php(141): CWebApplication->runController('post/index')
#32 /opt/lampp/htdocs/fighting/framework/base/CApplication.php(180): CWebApplication->processRequest()
#33 /opt/lampp/htdocs/fighting/demos/blog/index.php(11): CApplication->run()
#34 {main}
REQUEST_URI=/fighting/demos/blog/index.php/post/index
HTTP_REFERER=http://127.0.0.1/fighting/demos/blog/index.php/site/page?view=about
---
